<?xml version="1.0" encoding="UTF-8"?>
<testsuite xmlns:xsi="http://www.w3.org/2001/XMLSchema-instance" xsi:noNamespaceSchemaLocation="https://maven.apache.org/surefire/maven-surefire-plugin/xsd/surefire-test-report-3.0.xsd" version="3.0" name="TestRunner" time="0.327" tests="9" errors="9" skipped="0" failures="0">
  <properties>
[...]
</properties>
  <testcase name="Cadastro com sucesso" classname="Cadastro" time="0.062">
    <error message="The step &apos;eu estou na pagina de cadastro&apos; and 5 other step(s) are undefined.&#10;You can implement these steps using the snippet(s) below:&#10;&#10;@Given(&quot;eu estou na pagina de cadastro&quot;)&#10;public void eu_estou_na_pagina_de_cadastro() {&#10;    // Write code here that turns the phrase above into concrete actions&#10;    throw new io.cucumber.java.PendingException();&#10;}&#10;@When(&quot;eu preencho o campo email com {string}&quot;)&#10;public void eu_preencho_o_campo_email_com(String string) {&#10;    // Write code here that turns the phrase above into concrete actions&#10;    throw new io.cucumber.java.PendingException();&#10;}&#10;@When(&quot;eu preencho o campo senha com {string}&quot;)&#10;public void eu_preencho_o_campo_senha_com(String string) {&#10;    // Write code here that turns the phrase above into concrete actions&#10;    throw new io.cucumber.java.PendingException();&#10;}&#10;@When(&quot;eu clico no botao de cadastrar&quot;)&#10;public void eu_clico_no_botao_de_cadastrar() {&#10;    // Write code here that turns the phrase above into concrete actions&#10;    throw new io.cucumber.java.PendingException();&#10;}&#10;@When(&quot;eu devo ser redirecionado para a pagina de login&quot;)&#10;public void eu_devo_ser_redirecionado_para_a_pagina_de_login() {&#10;    // Write code here that turns the phrase above into concrete actions&#10;    throw new io.cucumber.java.PendingException();&#10;}&#10;@Then(&quot;eu devo ver uma mensagem {string}&quot;)&#10;public void eu_devo_ver_uma_mensagem(String string) {&#10;    // Write code here that turns the phrase above into concrete actions&#10;    throw new io.cucumber.java.PendingException();&#10;}&#10;" type="io.cucumber.junit.UndefinedStepException"><![CDATA[io.cucumber.junit.UndefinedStepException: 
The step 'eu estou na pagina de cadastro' and 5 other step(s) are undefined.
You can implement these steps using the snippet(s) below:

@Given("eu estou na pagina de cadastro")
public void eu_estou_na_pagina_de_cadastro() {
    // Write code here that turns the phrase above into concrete actions
    throw new io.cucumber.java.PendingException();
}
@When("eu preencho o campo email com {string}")
public void eu_preencho_o_campo_email_com(String string) {
    // Write code here that turns the phrase above into concrete actions
    throw new io.cucumber.java.PendingException();
}
@When("eu preencho o campo senha com {string}")
public void eu_preencho_o_campo_senha_com(String string) {
    // Write code here that turns the phrase above into concrete actions
    throw new io.cucumber.java.PendingException();
}
@When("eu clico no botao de cadastrar")
public void eu_clico_no_botao_de_cadastrar() {
    // Write code here that turns the phrase above into concrete actions
    throw new io.cucumber.java.PendingException();
}
@When("eu devo ser redirecionado para a pagina de login")
public void eu_devo_ser_redirecionado_para_a_pagina_de_login() {
    // Write code here that turns the phrase above into concrete actions
    throw new io.cucumber.java.PendingException();
}
@Then("eu devo ver uma mensagem {string}")
public void eu_devo_ver_uma_mensagem(String string) {
    // Write code here that turns the phrase above into concrete actions
    throw new io.cucumber.java.PendingException();
}

]]></error>
    <system-err><![CDATA[Mar 18, 2024 8:52:10 PM io.cucumber.core.feature.GluePath warnWhenWellKnownProjectSourceDirectory
WARNING: Consider replacing glue path 'src/test/java/steps' with 'steps'.
'
The current glue path points to a source directory in your project. However cucumber looks for glue (i.e. step definitions) on the classpath. By using a package name you can avoid this ambiguity.
]]></system-err>
  </testcase>
  <testcase name="Cadastro com email invalido" classname="Cadastro" time="0.006">
    <error message="The step &apos;eu estou na pagina de cadastro&apos; and 4 other step(s) are undefined.&#10;You can implement these steps using the snippet(s) below:&#10;&#10;@Given(&quot;eu estou na pagina de cadastro&quot;)&#10;public void eu_estou_na_pagina_de_cadastro() {&#10;    // Write code here that turns the phrase above into concrete actions&#10;    throw new io.cucumber.java.PendingException();&#10;}&#10;@When(&quot;eu preencho o campo email com {string}&quot;)&#10;public void eu_preencho_o_campo_email_com(String string) {&#10;    // Write code here that turns the phrase above into concrete actions&#10;    throw new io.cucumber.java.PendingException();&#10;}&#10;@When(&quot;eu preencho o campo senha com {string}&quot;)&#10;public void eu_preencho_o_campo_senha_com(String string) {&#10;    // Write code here that turns the phrase above into concrete actions&#10;    throw new io.cucumber.java.PendingException();&#10;}&#10;@When(&quot;eu clico no botao de cadastrar&quot;)&#10;public void eu_clico_no_botao_de_cadastrar() {&#10;    // Write code here that turns the phrase above into concrete actions&#10;    throw new io.cucumber.java.PendingException();&#10;}&#10;@Then(&quot;eu devo ver uma mensagem de erro {string}&quot;)&#10;public void eu_devo_ver_uma_mensagem_de_erro(String string) {&#10;    // Write code here that turns the phrase above into concrete actions&#10;    throw new io.cucumber.java.PendingException();&#10;}&#10;" type="io.cucumber.junit.UndefinedStepException"><![CDATA[io.cucumber.junit.UndefinedStepException: 
The step 'eu estou na pagina de cadastro' and 4 other step(s) are undefined.
You can implement these steps using the snippet(s) below:

@Given("eu estou na pagina de cadastro")
public void eu_estou_na_pagina_de_cadastro() {
    // Write code here that turns the phrase above into concrete actions
    throw new io.cucumber.java.PendingException();
}
@When("eu preencho o campo email com {string}")
public void eu_preencho_o_campo_email_com(String string) {
    // Write code here that turns the phrase above into concrete actions
    throw new io.cucumber.java.PendingException();
}
@When("eu preencho o campo senha com {string}")
public void eu_preencho_o_campo_senha_com(String string) {
    // Write code here that turns the phrase above into concrete actions
    throw new io.cucumber.java.PendingException();
}
@When("eu clico no botao de cadastrar")
public void eu_clico_no_botao_de_cadastrar() {
    // Write code here that turns the phrase above into concrete actions
    throw new io.cucumber.java.PendingException();
}
@Then("eu devo ver uma mensagem de erro {string}")
public void eu_devo_ver_uma_mensagem_de_erro(String string) {
    // Write code here that turns the phrase above into concrete actions
    throw new io.cucumber.java.PendingException();
}

]]></error>
  </testcase>
  <testcase name="Cadastro com senha invalida" classname="Cadastro" time="0.005">
    <error message="The step &apos;eu estou na pagina de cadastro&apos; and 4 other step(s) are undefined.&#10;You can implement these steps using the snippet(s) below:&#10;&#10;@Given(&quot;eu estou na pagina de cadastro&quot;)&#10;public void eu_estou_na_pagina_de_cadastro() {&#10;    // Write code here that turns the phrase above into concrete actions&#10;    throw new io.cucumber.java.PendingException();&#10;}&#10;@When(&quot;eu preencho o campo email com {string}&quot;)&#10;public void eu_preencho_o_campo_email_com(String string) {&#10;    // Write code here that turns the phrase above into concrete actions&#10;    throw new io.cucumber.java.PendingException();&#10;}&#10;@When(&quot;eu preencho o campo senha com {string}&quot;)&#10;public void eu_preencho_o_campo_senha_com(String string) {&#10;    // Write code here that turns the phrase above into concrete actions&#10;    throw new io.cucumber.java.PendingException();&#10;}&#10;@When(&quot;eu clico no botao de cadastrar&quot;)&#10;public void eu_clico_no_botao_de_cadastrar() {&#10;    // Write code here that turns the phrase above into concrete actions&#10;    throw new io.cucumber.java.PendingException();&#10;}&#10;@Then(&quot;eu devo ver uma mensagem de erro {string}&quot;)&#10;public void eu_devo_ver_uma_mensagem_de_erro(String string) {&#10;    // Write code here that turns the phrase above into concrete actions&#10;    throw new io.cucumber.java.PendingException();&#10;}&#10;" type="io.cucumber.junit.UndefinedStepException"><![CDATA[io.cucumber.junit.UndefinedStepException: 
The step 'eu estou na pagina de cadastro' and 4 other step(s) are undefined.
You can implement these steps using the snippet(s) below:

@Given("eu estou na pagina de cadastro")
public void eu_estou_na_pagina_de_cadastro() {
    // Write code here that turns the phrase above into concrete actions
    throw new io.cucumber.java.PendingException();
}
@When("eu preencho o campo email com {string}")
public void eu_preencho_o_campo_email_com(String string) {
    // Write code here that turns the phrase above into concrete actions
    throw new io.cucumber.java.PendingException();
}
@When("eu preencho o campo senha com {string}")
public void eu_preencho_o_campo_senha_com(String string) {
    // Write code here that turns the phrase above into concrete actions
    throw new io.cucumber.java.PendingException();
}
@When("eu clico no botao de cadastrar")
public void eu_clico_no_botao_de_cadastrar() {
    // Write code here that turns the phrase above into concrete actions
    throw new io.cucumber.java.PendingException();
}
@Then("eu devo ver uma mensagem de erro {string}")
public void eu_devo_ver_uma_mensagem_de_erro(String string) {
    // Write code here that turns the phrase above into concrete actions
    throw new io.cucumber.java.PendingException();
}

]]></error>
  </testcase>
  <testcase name="Cadastro com email ja cadastrado" classname="Cadastro" time="0.006">
    <error message="The step &apos;eu estou na pagina de cadastro&apos; and 4 other step(s) are undefined.&#10;You can implement these steps using the snippet(s) below:&#10;&#10;@Given(&quot;eu estou na pagina de cadastro&quot;)&#10;public void eu_estou_na_pagina_de_cadastro() {&#10;    // Write code here that turns the phrase above into concrete actions&#10;    throw new io.cucumber.java.PendingException();&#10;}&#10;@When(&quot;eu preencho o campo email com {string}&quot;)&#10;public void eu_preencho_o_campo_email_com(String string) {&#10;    // Write code here that turns the phrase above into concrete actions&#10;    throw new io.cucumber.java.PendingException();&#10;}&#10;@When(&quot;eu preencho o campo senha com {string}\&quot;&quot;)&#10;public void eu_preencho_o_campo_senha_com(String string) {&#10;    // Write code here that turns the phrase above into concrete actions&#10;    throw new io.cucumber.java.PendingException();&#10;}&#10;@When(&quot;eu clico no botao de cadastrar&quot;)&#10;public void eu_clico_no_botao_de_cadastrar() {&#10;    // Write code here that turns the phrase above into concrete actions&#10;    throw new io.cucumber.java.PendingException();&#10;}&#10;@Then(&quot;eu devo ver uma mensagem de erro {string}&quot;)&#10;public void eu_devo_ver_uma_mensagem_de_erro(String string) {&#10;    // Write code here that turns the phrase above into concrete actions&#10;    throw new io.cucumber.java.PendingException();&#10;}&#10;" type="io.cucumber.junit.UndefinedStepException"><![CDATA[io.cucumber.junit.UndefinedStepException: 
The step 'eu estou na pagina de cadastro' and 4 other step(s) are undefined.
You can implement these steps using the snippet(s) below:

@Given("eu estou na pagina de cadastro")
public void eu_estou_na_pagina_de_cadastro() {
    // Write code here that turns the phrase above into concrete actions
    throw new io.cucumber.java.PendingException();
}
@When("eu preencho o campo email com {string}")
public void eu_preencho_o_campo_email_com(String string) {
    // Write code here that turns the phrase above into concrete actions
    throw new io.cucumber.java.PendingException();
}
@When("eu preencho o campo senha com {string}\"")
public void eu_preencho_o_campo_senha_com(String string) {
    // Write code here that turns the phrase above into concrete actions
    throw new io.cucumber.java.PendingException();
}
@When("eu clico no botao de cadastrar")
public void eu_clico_no_botao_de_cadastrar() {
    // Write code here that turns the phrase above into concrete actions
    throw new io.cucumber.java.PendingException();
}
@Then("eu devo ver uma mensagem de erro {string}")
public void eu_devo_ver_uma_mensagem_de_erro(String string) {
    // Write code here that turns the phrase above into concrete actions
    throw new io.cucumber.java.PendingException();
}

]]></error>
  </testcase>
  <testcase name="Realizar login com sucesso" classname="Login" time="0.005">
    <error message="The step &apos;que estou na tela de login&apos; and 4 other step(s) are undefined.&#10;You can implement these steps using the snippet(s) below:&#10;&#10;@Given(&quot;que estou na tela de login&quot;)&#10;public void que_estou_na_tela_de_login() {&#10;    // Write code here that turns the phrase above into concrete actions&#10;    throw new io.cucumber.java.PendingException();&#10;}&#10;@When(&quot;preencho o campo login com {string}&quot;)&#10;public void preencho_o_campo_login_com(String string) {&#10;    // Write code here that turns the phrase above into concrete actions&#10;    throw new io.cucumber.java.PendingException();&#10;}&#10;@When(&quot;preencho o campo senha com {string}&quot;)&#10;public void preencho_o_campo_senha_com(String string) {&#10;    // Write code here that turns the phrase above into concrete actions&#10;    throw new io.cucumber.java.PendingException();&#10;}&#10;@When(&quot;clico no botão de login&quot;)&#10;public void clico_no_botão_de_login() {&#10;    // Write code here that turns the phrase above into concrete actions&#10;    throw new io.cucumber.java.PendingException();&#10;}&#10;@Then(&quot;devo ser redirecionado para a tela de home&quot;)&#10;public void devo_ser_redirecionado_para_a_tela_de_home() {&#10;    // Write code here that turns the phrase above into concrete actions&#10;    throw new io.cucumber.java.PendingException();&#10;}&#10;" type="io.cucumber.junit.UndefinedStepException"><![CDATA[io.cucumber.junit.UndefinedStepException: 
The step 'que estou na tela de login' and 4 other step(s) are undefined.
You can implement these steps using the snippet(s) below:

@Given("que estou na tela de login")
public void que_estou_na_tela_de_login() {
    // Write code here that turns the phrase above into concrete actions
    throw new io.cucumber.java.PendingException();
}
@When("preencho o campo login com {string}")
public void preencho_o_campo_login_com(String string) {
    // Write code here that turns the phrase above into concrete actions
    throw new io.cucumber.java.PendingException();
}
@When("preencho o campo senha com {string}")
public void preencho_o_campo_senha_com(String string) {
    // Write code here that turns the phrase above into concrete actions
    throw new io.cucumber.java.PendingException();
}
@When("clico no botão de login")
public void clico_no_botão_de_login() {
    // Write code here that turns the phrase above into concrete actions
    throw new io.cucumber.java.PendingException();
}
@Then("devo ser redirecionado para a tela de home")
public void devo_ser_redirecionado_para_a_tela_de_home() {
    // Write code here that turns the phrase above into concrete actions
    throw new io.cucumber.java.PendingException();
}

]]></error>
  </testcase>
  <testcase name="Realizar login com falha" classname="Login" time="0.004">
    <error message="The step &apos;que estou na tela de login&apos; and 4 other step(s) are undefined.&#10;You can implement these steps using the snippet(s) below:&#10;&#10;@Given(&quot;que estou na tela de login&quot;)&#10;public void que_estou_na_tela_de_login() {&#10;    // Write code here that turns the phrase above into concrete actions&#10;    throw new io.cucumber.java.PendingException();&#10;}&#10;@When(&quot;preencho o campo login com {string}&quot;)&#10;public void preencho_o_campo_login_com(String string) {&#10;    // Write code here that turns the phrase above into concrete actions&#10;    throw new io.cucumber.java.PendingException();&#10;}&#10;@When(&quot;preencho o campo senha com {string}&quot;)&#10;public void preencho_o_campo_senha_com(String string) {&#10;    // Write code here that turns the phrase above into concrete actions&#10;    throw new io.cucumber.java.PendingException();&#10;}&#10;@When(&quot;clico no botão de login&quot;)&#10;public void clico_no_botão_de_login() {&#10;    // Write code here that turns the phrase above into concrete actions&#10;    throw new io.cucumber.java.PendingException();&#10;}&#10;@Then(&quot;devo ver a mensagem de erro {string}&quot;)&#10;public void devo_ver_a_mensagem_de_erro(String string) {&#10;    // Write code here that turns the phrase above into concrete actions&#10;    throw new io.cucumber.java.PendingException();&#10;}&#10;" type="io.cucumber.junit.UndefinedStepException"><![CDATA[io.cucumber.junit.UndefinedStepException: 
The step 'que estou na tela de login' and 4 other step(s) are undefined.
You can implement these steps using the snippet(s) below:

@Given("que estou na tela de login")
public void que_estou_na_tela_de_login() {
    // Write code here that turns the phrase above into concrete actions
    throw new io.cucumber.java.PendingException();
}
@When("preencho o campo login com {string}")
public void preencho_o_campo_login_com(String string) {
    // Write code here that turns the phrase above into concrete actions
    throw new io.cucumber.java.PendingException();
}
@When("preencho o campo senha com {string}")
public void preencho_o_campo_senha_com(String string) {
    // Write code here that turns the phrase above into concrete actions
    throw new io.cucumber.java.PendingException();
}
@When("clico no botão de login")
public void clico_no_botão_de_login() {
    // Write code here that turns the phrase above into concrete actions
    throw new io.cucumber.java.PendingException();
}
@Then("devo ver a mensagem de erro {string}")
public void devo_ver_a_mensagem_de_erro(String string) {
    // Write code here that turns the phrase above into concrete actions
    throw new io.cucumber.java.PendingException();
}

]]></error>
  </testcase>
  <testcase name="Realizar login com campo login vazio" classname="Login" time="0.003">
    <error message="The step &apos;que estou na tela de login&apos; and 3 other step(s) are undefined.&#10;You can implement these steps using the snippet(s) below:&#10;&#10;@Given(&quot;que estou na tela de login&quot;)&#10;public void que_estou_na_tela_de_login() {&#10;    // Write code here that turns the phrase above into concrete actions&#10;    throw new io.cucumber.java.PendingException();&#10;}&#10;@When(&quot;preencho o campo senha com {string}&quot;)&#10;public void preencho_o_campo_senha_com(String string) {&#10;    // Write code here that turns the phrase above into concrete actions&#10;    throw new io.cucumber.java.PendingException();&#10;}&#10;@When(&quot;clico no botão de login&quot;)&#10;public void clico_no_botão_de_login() {&#10;    // Write code here that turns the phrase above into concrete actions&#10;    throw new io.cucumber.java.PendingException();&#10;}&#10;@Then(&quot;devo ver a mensagem de erro {string}&quot;)&#10;public void devo_ver_a_mensagem_de_erro(String string) {&#10;    // Write code here that turns the phrase above into concrete actions&#10;    throw new io.cucumber.java.PendingException();&#10;}&#10;" type="io.cucumber.junit.UndefinedStepException"><![CDATA[io.cucumber.junit.UndefinedStepException: 
The step 'que estou na tela de login' and 3 other step(s) are undefined.
You can implement these steps using the snippet(s) below:

@Given("que estou na tela de login")
public void que_estou_na_tela_de_login() {
    // Write code here that turns the phrase above into concrete actions
    throw new io.cucumber.java.PendingException();
}
@When("preencho o campo senha com {string}")
public void preencho_o_campo_senha_com(String string) {
    // Write code here that turns the phrase above into concrete actions
    throw new io.cucumber.java.PendingException();
}
@When("clico no botão de login")
public void clico_no_botão_de_login() {
    // Write code here that turns the phrase above into concrete actions
    throw new io.cucumber.java.PendingException();
}
@Then("devo ver a mensagem de erro {string}")
public void devo_ver_a_mensagem_de_erro(String string) {
    // Write code here that turns the phrase above into concrete actions
    throw new io.cucumber.java.PendingException();
}

]]></error>
  </testcase>
  <testcase name="Realizar login com campo senha vazio" classname="Login" time="0.004">
    <error message="The step &apos;que estou na tela de login&apos; and 3 other step(s) are undefined.&#10;You can implement these steps using the snippet(s) below:&#10;&#10;@Given(&quot;que estou na tela de login&quot;)&#10;public void que_estou_na_tela_de_login() {&#10;    // Write code here that turns the phrase above into concrete actions&#10;    throw new io.cucumber.java.PendingException();&#10;}&#10;@When(&quot;preencho o campo login com {string}&quot;)&#10;public void preencho_o_campo_login_com(String string) {&#10;    // Write code here that turns the phrase above into concrete actions&#10;    throw new io.cucumber.java.PendingException();&#10;}&#10;@When(&quot;clico no botão de login&quot;)&#10;public void clico_no_botão_de_login() {&#10;    // Write code here that turns the phrase above into concrete actions&#10;    throw new io.cucumber.java.PendingException();&#10;}&#10;@Then(&quot;devo ver a mensagem de erro {string}&quot;)&#10;public void devo_ver_a_mensagem_de_erro(String string) {&#10;    // Write code here that turns the phrase above into concrete actions&#10;    throw new io.cucumber.java.PendingException();&#10;}&#10;" type="io.cucumber.junit.UndefinedStepException"><![CDATA[io.cucumber.junit.UndefinedStepException: 
The step 'que estou na tela de login' and 3 other step(s) are undefined.
You can implement these steps using the snippet(s) below:

@Given("que estou na tela de login")
public void que_estou_na_tela_de_login() {
    // Write code here that turns the phrase above into concrete actions
    throw new io.cucumber.java.PendingException();
}
@When("preencho o campo login com {string}")
public void preencho_o_campo_login_com(String string) {
    // Write code here that turns the phrase above into concrete actions
    throw new io.cucumber.java.PendingException();
}
@When("clico no botão de login")
public void clico_no_botão_de_login() {
    // Write code here that turns the phrase above into concrete actions
    throw new io.cucumber.java.PendingException();
}
@Then("devo ver a mensagem de erro {string}")
public void devo_ver_a_mensagem_de_erro(String string) {
    // Write code here that turns the phrase above into concrete actions
    throw new io.cucumber.java.PendingException();
}

]]></error>
  </testcase>
  <testcase name="Realizar login com campo login e senha vazios" classname="Login" time="0.003">
    <error message="The step &apos;que estou na tela de login&apos; and 3 other step(s) are undefined.&#10;You can implement these steps using the snippet(s) below:&#10;&#10;@Given(&quot;que estou na tela de login&quot;)&#10;public void que_estou_na_tela_de_login() {&#10;    // Write code here that turns the phrase above into concrete actions&#10;    throw new io.cucumber.java.PendingException();&#10;}&#10;@When(&quot;clico no botão de login&quot;)&#10;public void clico_no_botão_de_login() {&#10;    // Write code here that turns the phrase above into concrete actions&#10;    throw new io.cucumber.java.PendingException();&#10;}&#10;@Then(&quot;devo ver a mensagem de erro {string}&quot;)&#10;public void devo_ver_a_mensagem_de_erro(String string) {&#10;    // Write code here that turns the phrase above into concrete actions&#10;    throw new io.cucumber.java.PendingException();&#10;}&#10;" type="io.cucumber.junit.UndefinedStepException"><![CDATA[io.cucumber.junit.UndefinedStepException: 
The step 'que estou na tela de login' and 3 other step(s) are undefined.
You can implement these steps using the snippet(s) below:

@Given("que estou na tela de login")
public void que_estou_na_tela_de_login() {
    // Write code here that turns the phrase above into concrete actions
    throw new io.cucumber.java.PendingException();
}
@When("clico no botão de login")
public void clico_no_botão_de_login() {
    // Write code here that turns the phrase above into concrete actions
    throw new io.cucumber.java.PendingException();
}
@Then("devo ver a mensagem de erro {string}")
public void devo_ver_a_mensagem_de_erro(String string) {
    // Write code here that turns the phrase above into concrete actions
    throw new io.cucumber.java.PendingException();
}

]]></error>
  </testcase>
</testsuite>